Chinese Recipe: 星洲炒米粉, Final Recipe: Title: Starry River Fried Rice Noodles
Ingredients:
- 3 packs starry river fried rice noodles
- 1520 shrimps
- half an onion
- a small carrot
- 35 green peppers
- 1 long ham sausage
- enough garlic and green onions
- enough hot pepper flakes
- enough curry powder
- enough salt
- enough cooking oil
- enough oyster sauce
Steps:
1. Prepare all necessary ingredients. Make sure to use curry powder instead of curry paste as it's not available in most supermarkets. Buy the starry river fried rice noodles that are specifically made for this dish. They have more elasticity and chew compared to regular noodles, making them less likely to break during cooking. Soak the noodles in cold water for 10-15 minutes before using.
2. Heat a small amount of oil in a pan and cook the garlic and green onions over low heat until fragrant.
3. Add the cooked shrimp and turn them into red when they're added. Then add the chopped onion, carrot, and green pepper and cook for a few minutes.
Chinese Recipe: 扬州炒饭, Final Recipe: Title: Vegetarian Fried Rice
Ingredients: 1 carrot, peeled and grated 2 eggs, separated 1 cucumber, cut into small dice 1/4 onion, peeled and cut into small dice 1/2 length of sauerkraut, cut into small dice (optional) Steps: Preheat oven to 350°F. Place onion, cucumber, and sauerkraut (if using) in a single layer on a baking sheet. Roast for 15 minutes or until vegetables are tender and browned slightly. Meanwhile, heat oil in a large skillet over medium-high heat. Whisk egg yolks and add to skillet; cook and stir until egg mixture begins to thickened. Remove from heat and whisk in egg whites. Set aside. In a separate skillet, heat oil over high heat. Add carrots and cook for 2-3 minutes or until carrots begin to soften. Reduce heat to medium and add cucumbers and sauerkraut (if using); cook and stir for 3-4 minutes more. Add rice and roast vegetables to skillet; cook and stir for 3-4 minutes or until rice is heated through. Stir
Chinese Recipe: 鸡丝凉面, Final Recipe: Title: Cold Chicken Rice Noodles
Ingredients: 1 chicken leg, 1 cucumber, 3/4 cup fresh hand-made noodles, 1 tbsp chili oil, 1 tbsp sesame paste, 1 tbsp ginger and garlic paste, a little sugar, 1 tbsp soy sauce, 1 tbsp vinegar, 1/2 tsp pepper oil, a little scallion, 1 tbsp spring onion, 1 tbsp ginger, a little rice wine, 1 star anise, 1/2 cup oil
Steps: 1. Cook chicken: put a little rice wine, ginger, spring onion, and star anise in a cold pot, add enough water, bring to a boil, then turn the heat to medium low and cook for 20 minutes. Drain the chicken and cool it down before slicing it into chicken strips. 2. Cut the cucumber into thin strips. 3. Cook noodles: add a little salt to the water, bring to a boil, then add the noodles and cook until almost cooked. Drain the water and rinse with cold water. Add a little oil to the noodles to prevent them from sticking together. Blow with
Chinese Recipe: 凉拌豆芽, Final Recipe: Title: Cold Beans Sprouts
Ingredients:
- 100 g bean sprouts
- 1 carrot, shredded
- 50 g spinach, chopped
- 1 teaspoon salt
- 2 cloves of garlic, crushed
- 1 teaspoon pepper
- 1 tablespoon vinegar
- 3 stems of green onions, chopped
- 1 teaspoon soy sauce
- 1 teaspoon oil for frying
Steps:
1. Boil water and immerse the bean sprouts, carrot, and spinach for a few minutes. Drain and transfer to a bowl.
2. Add the crushed garlic, minced ginger, and green onions. Drizzle with the oil and vinegar, and season with the salt, pepper, and soy sauce.
3. Mix well and serve immediately. Repeat step 1 for the cold beans sprouts.
Chinese Recipe: 酸菜猪肉饺子, Final Recipe: Title: Pork and Sausage Dumplings
Ingredients:
- 500 g sauerkraut
- 500 g pork belly
- 750 g flour
- 1/2 bunch of scallions
- 1 piece of ginger
- 1 teaspoon salt
- 1/2 cup dark soy sauce
Steps:
1. Rinse the sauerkraut and squeeze out the excess water. Finely chop the pork belly and mix with the dark soy sauce. Set aside for 30 minutes.
2. Prepare the scallions and ginger. Finely chop the ginger and scallions.
3. In a hot pan, add the dark soy sauce mixture and cook until the pork belly is cooked through. Remove from the heat and set aside to cool.
4. In a stand mixer or by hand, mix the flour, salt, and water to form a dough. Rest the dough for 30 minutes.
5. Divide the dough into small balls and roll out into round dough sheets.
6. Place a tablespoon of the pork belly mixture on one side of the dough sheet. Fold the dough over the pork
Chinese Recipe: 简单盐焗鸡, Final Recipe: Title: Simple Baked Poultry
Ingredients:
- 1/2 chicken (preferably a whole chicken cut into pieces)
- 1 package salted chicken seasoning
- 2 cloves garlic
- 1 block salt
- 1 tbsp. ginger
Steps:
1. Preheat oven to 450°F (230°C).
2. Rinse chicken and pat dry with paper towels.
3. Mix salted chicken seasoning with enough water to make a paste.
4. Spread garlic and ginger on a baking sheet.
5. Place chicken on baking sheet and brush with salted chicken seasoning mixture.
6. Roast chicken for 30 minutes or until juices run clear when pierced with a knife.
7. Remove from oven and let rest for 10 minutes before serving.
Simple Baked Poultry is now ready to enjoy!
Chinese Recipe: 老虎菜, Final Recipe: Title: Tigeress Vegetable Salad
Ingredients:
- 2 green peppers (diced)
- 1 cup fresh cilantro (chopped)
- 1 cup scallions (chopped)
- 1/4 cup vinegar
- 1/4 cup salt
- 1/4 cup soy sauce
- 1/4 cup light oil
Steps:
1. Combine all ingredients in a large bowl.
2. Mix well to coat vegetables evenly.
3. Refrigerate for at least 30 minutes before serving.<|im_end|>
Chinese Recipe: 椒盐虾, Final Recipe: Title: Fried Shrimp with Pepper and Salt
Ingredients:
- 1 pound shrimp
- 10 grams pepper salt
- 5 grams salt
- 5 grams black pepper
- 1 spoon five-spice powder
- 100 grams cornstarch
- 50 grams flour
Steps:
1. Mix the flour and water to form a paste, then add the salt, pepper, and five-spice powder. Blend well.
2. Dip the shrimp into the batter, then deep-fry at a high temperature until golden brown.
3. Drain the fried shrimp and re-fry them in a hot oil for a few minutes.
4. Serve immediately. This can be eaten as a snack or as part of a seafood meal.
5. Cook this dish within 30 minutes by first steaming and then frying.<|im_end|>
Chinese Recipe: 拍黄瓜, Final Recipe: Title: Pickled Cucumber
Ingredients:
- 2 cucumbers
- 30 g soy sauce
- 30 g vinegar
- 15 g sugar
- 15 g salt
- 15 g chili oil
- 15 g pepper oil
- few garlic cloves
Steps:
1. Wash the cucumbers and place them on the cutting board.
2. Prepare a heavy knife and cut down the whole length, back and forth twice. You will see the cucumber has broken.
3. Then cut into small pieces easy to eat. Since called pickled cucumber, you must use this method of beating instead of cutting, beat after being easy to seasoning.
4. Next, grind the garlic cloves, cold dishes are always necessary garlic, otherwise, you cannot make the taste of the restaurant. Put several garlic cloves in a garlic mortar and grind into a garlic paste. I used this marble one, heavy enough to use.
5. Mix the sauce, 2 large spoons of soy sauce equal to about 30 g, 2 large spoons of vinegar equal to about 30 g, 1 large spoon of sugar equal to about
Chinese Recipe: 土豆炖牛肉, Final Recipe: Title: Braised Beef with Potatoes
Ingredients:
- 500 g beef shanks or chuck steak
- 2 large russet potatoes, peeled and cut into large chunks
- 1 tablespoon plus 1 teaspoon fennel seeds, crushed
- 3 whole cloves
- 2 bay leaves
- 1 teaspoon salt
- 2 tablespoons soy sauce
- 1 small onion, chopped
- 2 pieces of ginger, sliced
Steps:
1. Rinse the beef and potatoes in cold water.
2. In a large pot over high heat, add enough oil to cover the bottom of the pot. When the oil is hot, add the chopped onions and ginger. Sauté until the onions are transparent.
3. Add the beef and cook for about 5 minutes on each side, until browned.
4. Add the soy sauce, water, potatoes, crushed fennel seeds, cloves, and bay leaves. Bring to a boil, then reduce the heat to low and simmer, covered, for 1 hour, or until the beef is tender.
5. Remove the pot from the heat and discard
Chinese Recipe: 红豆汤, Final Recipe: Title: Red Bean Soup
Ingredients:
- 适量红豆 (red beans)
- 适量米酒 (rice wine)
- 适量带皮老姜 (fresh ginger with skin)
Steps:
1. Cut the ginger into thin strips and add them to the rice wine along with the red beans. Mix well and soak for 8 hours.
2. Put the soaked red beans into a pot and add enough water. Bring to a boil over high heat, then stir and adjust the heat to low to simmer for 30 minutes.<|im_end|
Chinese Recipe: 回锅肉, Final Recipe: Title: Sichuan-style Twice-cooked Pork
Ingredients: 500 g pork belly, 2 green peppers, 2 tablespoons fermented bean paste, 4 pieces of ginger, 3/4 cup broth, 1 tablespoon sugar, 10-12 whole star anise, 1 teaspoon salt, and 1 teaspoon chicken powder
Steps: 1. Rinse the pork belly under cold water, then place it in a pot along with some ginger, star anise, broth, and pepper. Bring to a boil, then cook for about 10 minutes until the meat can be pierced easily without blood. Remove from heat and let cool. 
2. Cut the cooked pork belly into evenly sized slices and set aside. Slice the green peppers. 
3. Heat a pan and add enough oil to coat the bottom. Cook the pork slices over low flame, using a spatula to spread them. Add the broth, cook until the meat turns slightly golden. 
4. Add the fermented bean paste and stir-fry for a moment. Then add the green peppers and sugar, continue to cook and stir-
Chinese Recipe: 鱼香茄子, Final Recipe: Title: Spicy Fish-Flavored Eggplant
Ingredients:
1 eggplant
Garlic, minced
Green onions, chopped
Ginger, grated
1 g salt
2 tbsp sugar
3 tbsp vinegar
1 tbsp fermented bean paste
2 tbsp soy sauce
1 tbsp dark soy sauce
1 tbsp cooking wine
1 tbsp cornstarch

Steps:
1. Dry cutting off the ends of the eggplant, then cutting them into pieces. Dust the eggplant pieces with the cornstarch, and deep-fry them in hot oil until they're golden brown.
2. Heat some oil in a pan, and sauté the minced garlic, green onions, and grated ginger until fragrant. Pour in the cooking wine to remove the taste of the sauce.
3. Mix the following ingredients together in a bowl: 1 g salt, 2 tbsp sugar, 3 tbsp vinegar, 2 tbsp soy sauce, 1 tbsp dark soy sauce, and 1 tbsp fermented bean paste.
4. Add the deep-fried eggplant pieces to the pan, and coat them with the sauce. Simmer
Chinese Recipe: 酱油炒饭, Final Recipe: Title: Soy Sauce Fried Rice
Ingredients: 1. 2 cups cooked rice (preferably leftover rice)
2. 1/4 cup dark soy sauce
3. 1 tablespoon vegetable oil
4. 1 small carrot, cut into small dice
5. 1 small onion, cut into small dice
6. 1/2 cup frozen mixed vegetables, thawed and drained
7. 1/4 cup fresh or frozen green peas
8. 1/4 cup fresh or frozen mixed mushrooms, sliced
9. 1/4 cup water
Steps: 1. In a large pan, combine the cooked rice, dark soy sauce, and vegetable oil. Gently stir to coat the rice evenly. Set aside.
2. In a separate pan, heat the vegetable oil over low heat. Add the carrot and onion and cook until tender, about 5 minutes.
3. Add the mixed vegetables, green peas, and mixed mushrooms and cook for 2-3 more minutes.
4. Stir in the water and bring to a boil. Reduce the heat to low and cover the pan. Simmer for 2-3 minutes or until the water is
Chinese Recipe: 手擀面, Final Recipe: Title: Hand-made Noodles
Ingredients:
- 400 grams flour
- Water (enough to make a dough)
- 1 gram salt
- A small handful of chives
- Two eggs
- 2 tablespoons or 1 tablespoon light soy sauce
- 1 tablespoon dark soy sauce
- 1 teaspoon monosodium glutamate
- 1 teaspoon chicken powder
- 1 teaspoon sesame oil

Steps:
1. Mix the flour and the salt together in a large bowl. Add enough water to form a soft dough. Knead the dough until it is smooth and elastic.

2. On a lightly floured surface, roll out the dough with a rolling pin until it is as thick as a knife.

3. Lay the rolled-out dough on the cutting board and cut it into long strips using a sharp knife.

4. Chop the chives and mix them with the eggs, soy sauces, monosodium glutamate, chicken powder, and sesame oil.

5. Bring a large pot of water to a boil. Add the noodles and cook according to the
Chinese Recipe: 小米粥, Final Recipe: Title: Glutinous Rice Porridge
Ingredients: 1 cup glutinous rice, 8 cups water
Steps: 1. Rinse the glutinous rice under cold water for at least 30 minutes to remove the starch. Drain and transfer to a large pot.
2. Add 8 cups of water to the pot and bring to a boil over high heat.
3. Reduce the heat to low and simmer the glutinous rice for about 45 minutes or until the water is absorbed.
4. Remove from the heat and let the glutinous rice porridge cool slightly before serving.<|im_end|
Chinese Recipe: 脆皮日本豆腐, Final Recipe: Title: Fried Egg Tofu Sticks
Ingredients:
- 3 Japanese egg tofu sticks
- 30g onion
- 2 dried shiitake mushrooms
- 20g carrots
- 2 garlic cloves
- 1 cup cornstarch
- 15g soy sauce
- 8g oyster sauce
- 6g sugar
- 1g salt
- 1g chicken powder
- 50g water cornstarch mixture
Steps:
1. Soak dried shiitake mushrooms in hot water for 30 minutes or use fresh ones.
2. Cut Japanese egg tofu sticks in half lengthwise, remove packaging, and cut into equal-sized pieces. Be gentle.
3. Coat egg tofu sticks with cornstarch evenly.
4. Heat oil in a pan and fry egg tofu sticks when the temperature is 700C. Fry them gently; make the spaces between the eggs larger to avoid adhesion.
5. Fry the cooked egg tofu sticks until the exteriors are crisp and the interiors are still soft.
6. Cook vegetables such as onions, carrots, and shiit
Chinese Recipe: 蜜汁排骨, Final Recipe: Title: Glazed Pork Ribs
Ingredients:
- 1 lb pork ribs (any cut)
- 1/4 cup cook100 new honey glaze pork sauce
Steps:
1. Preheat the oven to 220°C (425°F). Line a baking sheet with aluminum foil or a silicone mat.
2. Rinse the ribs and pat them dry with paper towels.
3. In a large bowl, combine the cook100 new honey glaze pork sauce with the ribs and mix well to coat the ribs evenly. Let the ribs marinate for at least 1 hour in the refrigerator.
4. Remove the ribs from the refrigerator and transfer them to the prepared baking sheet.
5. Bake the ribs for 35 minutes, rotating the baking sheet mid-way through baking, until the ribs are golden brown and cooked through. Serve immediately.
Chinese Recipe: 春卷, Final Recipe: Title: Spring Rolls
Ingredients:
- 750 g Spring Roll Wrappers
- 1000 g Cabbage
- 500 g Oil
- 2 Eggs
- Some Chicken Stock
- Some Salt
- 500 g Pork
Steps:
1. Rinse and boil the cabbage. Add the pork and cook until tender.
2. Mix the cabbage and pork with the chicken stock, eggs, and salt.
3. Fold the spring roll wrappers according to the picture.
4. Heat the oil in a pan and fry the spring rolls until golden on both sides.<|im_end|>
Chinese Recipe: 湖南小炒肉, Final Recipe: Title: Hunan-style Stir-fried Pork
Ingredients:
500 g pork belly, sliced thinly
Green hot peppers, sliced
Millet hot peppers, cut in half lengthwise
Garlic cloves, sliced
Juice from 2 oranges (optional)
Olive oil
Salt
Black pepper
Green onions, sliced
Steps:
1. Rinse the pork belly and slice it into thin strips.
2. Slice the green hot peppers and green onions into bite-sized pieces.
3. In a wok, heat the olive oil over high heat. Add the garlic slices and stir-fry until fragrant.
4. Add the pork belly and stir-fry until cooked through. Add the green hot peppers, millet hot peppers, and orange juice (if using).
5. Season with salt and black pepper. Add the green onions and stir-fry for another minute. Serve immediately.
Chinese Recipe: 鸡汤面, Final Recipe: Title: Chicken Soup Noodles
Ingredients:
- 1/2 cup chicken stock
- 1 (8-ounce) package fresh or dried noodles
- 3 ounces dried black or green variety of shiitake or enoki mushrooms, rinsed and sliced
- 1 bunch bok choy, trimmed and sliced
- 2 sprigs fresh cilantro, chopped
- 2 tablespoons canola oil
- 1 teaspoon salt
Steps:
1. In a small saucepan, combine 1/2 cup chicken stock and 1/4 cup water. Add 1 slice of garlic and 1 teaspoon salt. Bring to a boil over high heat, then reduce the heat to low and simmer for 5 minutes. Remove from the heat and set aside.
2. In a large pot, bring 4 quarts of water to a boil. Add the noodles and cook according to the package instructions until al dente. Drain and set aside.
3. In a separate large pot, bring 4 quarts of water to a boil. Add the mushrooms and bok choy and cook for 3-4 minutes. Drain and set
Chinese Recipe: 西红柿鸡蛋面, Final Recipe: Title: Tomato and Egg Noodles
Ingredients:
- 1 tomato
- 2 eggs
- 1 cup chopped scallions (green parts)
- 1 package Red Braised Beef Ramen
- 10 g vegetable oil
Steps:
1. Chop the scallions into small dice and peel the tomato. Cut the tomato into small pieces.
2. Heat a little oil in a pan. Add the scallions and tomato. Cook over high heat. Add a little water to break down the tomato pulp.
3. Use the same amount of water used to cook the ramen noodles. Bring the water to a boil.
4. Break two eggs into the pan and cook until almost set. Add the ramen noodles, sauce packet, and vegetable packet.
5. Using a wooden spoon, quickly stir the noodles to separate them and mix with the egg and other ingredients.
6. After 15 seconds, turn off the heat and remove the noodles from the pan. This will prevent the noodles from becoming too soft and mushy to eat.
7. Serve and enjoy this delicious meal!
Chinese Recipe: 番茄蛋汤, Final Recipe: Title: Tomato and Egg Soup
Ingredients:
- 1 tomato
- 1 egg
- Some small green onions
- Some potato starch
- Some salt, soy sauce, and monosodium glutamate (optional)
Steps:
1. Rinse the tomato under running water and cut a cross-shaped slit in its top. Boil in fresh water for a short while and then rinse with cold water to remove the skin. Cut the tomato into slices and set aside.
2. Break the egg into a bowl and whisk well.
3. Chop the green onions into rings and set aside.
4. Heat a little oil in a pan and cook the tomato, adding enough water or stock to bring it to a boil. Add the diluted potato starch and stir well to avoid lumps. Season with salt, soy sauce, and monosodium glutamate (if desired).
5. Beat the egg and pour it into the soup slowly when it reaches a steady boil. Wait until the egg floats and forms a flat layer. Turn off the heat, drizzle a few drops of soy sauce, and garnish with the green onions. Serve immediately.<|im_end
Chinese Recipe: 酸汤水饺, Final Recipe: Title: Sour Soup Dumplings
Ingredients:
- 20 dumplings
- 2 tbsp Chinese vinegar
- 1 tbsp soy sauce
- 1 tbsp light soy sauce
- 2 tbsp hot chili oil
- 1 fresh ginger root, grated
- 1 green onion, chopped
- 1 serving dish
Steps:
1. Prepare all ingredients as described above.
2. Boil water in a pot.
3. Add frozen dumplings to the boiling water when the water comes to a boil.
4. Prepare all ingredients for the serving dish.
5. Transfer the cooked dumplings to the serving dish.
6. Mix all ingredients well before serving.
7. Enjoy your sour soup dumplings!
Chinese Recipe: 香辣牛肉面, Final Recipe: Title: Spicy Beef Noodles with Tomato Sauce
Ingredients:
- 2 pounds beef chuck, cut into large chunks and boiled for cleaning
- 3 tomatoes, sliced
- Some onions, green onions, and garlic
- A small handful of star anise, cloves, bay leaves, and cinnamon
- 1 tablespoon Sichuan pepper bean sauce
- 2 tablespoons tomato paste
- 1 tablespoon rock sugar or brown sugar
- 2 tablespoons dark soy sauce
- 2 tablespoons light soy sauce
- 2 tablespoons rice wine or sherry
Steps:
1. Clean the beef chunks by removing any impurities on their surface. Save some of the stock for later use.
2. In a new pan, heat some oil, then add the onions, green onions, and garlic to fry until fragrant. Next, add the Sichuan pepper bean sauce and cook until the red oil forms. Then add the beef chunks and cook until slightly browned.
3. Add the dark and light soy sauces, as well as the rice wine or sherry. Cook and stir until evenly mixed.
4. Add the tomato paste

